2025-05-04T13:58:25.621+05:30  INFO 19336 --- [main] com.store.Application                    : Starting Application using Java 17.0.10 with PID 19336 (D:\projects\store\store-manager\web\target\classes started by Murugesan in D:\projects\store\store-manager\web)
2025-05-04T13:58:25.621+05:30 DEBUG 19336 --- [main] com.store.Application                    : Running with Spring Boot v3.2.4, Spring v6.1.5
2025-05-04T13:58:25.621+05:30  INFO 19336 --- [main] com.store.Application                    : No active profile set, falling back to 1 default profile: "default"
2025-05-04T13:58:26.169+05:30  INFO 19336 --- [main] .s.d.r.c.RepositoryConfigurationDelegate : Bootstrapping Spring Data JPA repositories in DEFAULT mode.
2025-05-04T13:58:26.217+05:30  INFO 19336 --- [main] .s.d.r.c.RepositoryConfigurationDelegate : Finished Spring Data repository scanning in 43 ms. Found 1 JPA repository interface.
2025-05-04T13:58:26.672+05:30  INFO 19336 --- [main] o.s.b.w.embedded.tomcat.TomcatWebServer  : Tomcat initialized with port 8080 (http)
2025-05-04T13:58:26.672+05:30  INFO 19336 --- [main] o.apache.catalina.core.StandardService   : Starting service [Tomcat]
2025-05-04T13:58:26.687+05:30  INFO 19336 --- [main] o.apache.catalina.core.StandardEngine    : Starting Servlet engine: [Apache Tomcat/10.1.19]
2025-05-04T13:58:26.734+05:30  INFO 19336 --- [main] o.a.c.c.C.[Tomcat].[localhost].[/]       : Initializing Spring embedded WebApplicationContext
2025-05-04T13:58:26.734+05:30  INFO 19336 --- [main] w.s.c.ServletWebServerApplicationContext : Root WebApplicationContext: initialization completed in 1056 ms
2025-05-04T13:58:26.812+05:30  WARN 19336 --- [main] ConfigServletWebServerApplicationContext : Exception encountered during context initialization - cancelling refresh attempt: org.springframework.beans.factory.UnsatisfiedDependencyException: Error creating bean with name 'dataSourceScriptDatabaseInitializer' defined in class path resource [org/springframework/boot/autoconfigure/sql/init/DataSourceInitializationConfiguration.class]: Unsatisfied dependency expressed through method 'dataSourceScriptDatabaseInitializer' parameter 0: Error creating bean with name 'dataSource' defined in class path resource [org/springframework/boot/autoconfigure/jdbc/DataSourceConfiguration$Hikari.class]: Failed to instantiate [com.zaxxer.hikari.HikariDataSource]: Factory method 'dataSource' threw exception with message: Failed to determine a suitable driver class
2025-05-04T13:58:26.812+05:30  INFO 19336 --- [main] o.apache.catalina.core.StandardService   : Stopping service [Tomcat]
2025-05-04T13:58:26.828+05:30  INFO 19336 --- [main] .s.b.a.l.ConditionEvaluationReportLogger : 

Error starting ApplicationContext. To display the condition evaluation report re-run your application with 'debug' enabled.
2025-05-04T13:58:26.854+05:30 ERROR 19336 --- [main] o.s.b.d.LoggingFailureAnalysisReporter   : 

***************************
APPLICATION FAILED TO START
***************************

Description:

Failed to configure a DataSource: 'url' attribute is not specified and no embedded datasource could be configured.

Reason: Failed to determine a suitable driver class


Action:

Consider the following:
	If you want an embedded database (H2, HSQL or Derby), please put it on the classpath.
	If you have database settings to be loaded from a particular profile you may need to activate it (no profiles are currently active).

2025-05-04T14:00:33.190+05:30  INFO 28236 --- [main] com.store.Application                    : Starting Application using Java 17.0.10 with PID 28236 (D:\projects\store\store-manager\web\target\classes started by Murugesan in D:\projects\store\store-manager\web)
2025-05-04T14:00:33.193+05:30 DEBUG 28236 --- [main] com.store.Application                    : Running with Spring Boot v3.2.4, Spring v6.1.5
2025-05-04T14:00:33.193+05:30  INFO 28236 --- [main] com.store.Application                    : No active profile set, falling back to 1 default profile: "default"
2025-05-04T14:00:33.739+05:30  INFO 28236 --- [main] .s.d.r.c.RepositoryConfigurationDelegate : Bootstrapping Spring Data JPA repositories in DEFAULT mode.
2025-05-04T14:00:33.786+05:30  INFO 28236 --- [main] .s.d.r.c.RepositoryConfigurationDelegate : Finished Spring Data repository scanning in 35 ms. Found 1 JPA repository interface.
2025-05-04T14:00:34.181+05:30  INFO 28236 --- [main] o.s.b.w.embedded.tomcat.TomcatWebServer  : Tomcat initialized with port 8080 (http)
2025-05-04T14:00:34.198+05:30  INFO 28236 --- [main] o.apache.catalina.core.StandardService   : Starting service [Tomcat]
2025-05-04T14:00:34.198+05:30  INFO 28236 --- [main] o.apache.catalina.core.StandardEngine    : Starting Servlet engine: [Apache Tomcat/10.1.19]
2025-05-04T14:00:34.261+05:30  INFO 28236 --- [main] o.a.c.c.C.[Tomcat].[localhost].[/]       : Initializing Spring embedded WebApplicationContext
2025-05-04T14:00:34.275+05:30  INFO 28236 --- [main] w.s.c.ServletWebServerApplicationContext : Root WebApplicationContext: initialization completed in 1043 ms
2025-05-04T14:00:34.326+05:30  WARN 28236 --- [main] ConfigServletWebServerApplicationContext : Exception encountered during context initialization - cancelling refresh attempt: org.springframework.beans.factory.UnsatisfiedDependencyException: Error creating bean with name 'dataSourceScriptDatabaseInitializer' defined in class path resource [org/springframework/boot/autoconfigure/sql/init/DataSourceInitializationConfiguration.class]: Unsatisfied dependency expressed through method 'dataSourceScriptDatabaseInitializer' parameter 0: Error creating bean with name 'dataSource' defined in class path resource [org/springframework/boot/autoconfigure/jdbc/DataSourceConfiguration$Hikari.class]: Failed to instantiate [com.zaxxer.hikari.HikariDataSource]: Factory method 'dataSource' threw exception with message: Failed to determine a suitable driver class
2025-05-04T14:00:34.335+05:30  INFO 28236 --- [main] o.apache.catalina.core.StandardService   : Stopping service [Tomcat]
2025-05-04T14:00:34.354+05:30  INFO 28236 --- [main] .s.b.a.l.ConditionEvaluationReportLogger : 

Error starting ApplicationContext. To display the condition evaluation report re-run your application with 'debug' enabled.
2025-05-04T14:00:34.369+05:30 ERROR 28236 --- [main] o.s.b.d.LoggingFailureAnalysisReporter   : 

***************************
APPLICATION FAILED TO START
***************************

Description:

Failed to configure a DataSource: 'url' attribute is not specified and no embedded datasource could be configured.

Reason: Failed to determine a suitable driver class


Action:

Consider the following:
	If you want an embedded database (H2, HSQL or Derby), please put it on the classpath.
	If you have database settings to be loaded from a particular profile you may need to activate it (no profiles are currently active).

